2022-03-02 13:41:54.215 INFO [TestNG-tests-1] [com.remaxar.RemaxSearchDataTest.Test_1_BusdquedaPortada(RemaxSearchDataTest.java:52)] - ingresando a remax.com
2022-03-02 13:42:11.792 INFO [TestNG-tests-1] [com.remaxar.RemaxSearchDataTest.test_2_FiltrosRecoleccion(RemaxSearchDataTest.java:71)] - ingresando filtro: cambiando alquiler por venta
2022-03-02 13:42:23.929 INFO [TestNG-tests-1] [com.remaxar.RemaxSearchDataTest.test_2_FiltrosRecoleccion(RemaxSearchDataTest.java:78)] - ingresando filtro: monto( U$D5000 U$D30000)
2022-03-02 13:42:32.924 INFO [TestNG-tests-1] [com.remaxar.RemaxSearchDataTest.test_2_FiltrosRecoleccion(RemaxSearchDataTest.java:88)] - ingresando los 3 primeros link y recolectando sus datos
2022-03-02 13:42:56.744 INFO [TestNG-tests-1] [com.remaxar.RemaxSearchDataTest.test_2_FiltrosRecoleccion(RemaxSearchDataTest.java:125)] - recolectando datos de los 3 primeros links para archivo .txt
2022-03-02 13:42:56.746 INFO [TestNG-tests-1] [com.remaxar.RemaxSearchDataTest.test_2_FiltrosRecoleccion(RemaxSearchDataTest.java:128)] - #############################################################################
REMAX VENDE OFICINA CENTRICA
REMAX VENDE OFICINA 3, EN EDIFICIO GUEMES, UBICADA EN PRIMER PISO, MUY LUMINOSA, EL EDIFICIO CUENTA CON ASCENSOR Y UN BAÑO POR PISO, A POCAS CUADRAS DE LA TERMINAL DE OMNIBUS Y A UNA CUADRA DE AV. MAIPU
16.500 USD
superficie total: 21 m²
superficie cubierta: 21 m²

pisos de la propiedad: 5
apto profesional: Sí
expensas: ARS 7.000
2022-03-02 13:42:56.747 INFO [TestNG-tests-1] [com.remaxar.RemaxSearchDataTest.test_2_FiltrosRecoleccion(RemaxSearchDataTest.java:128)] - #############################################################################
Se vende Oficina Barrio Centro
Se vende Oficina Barrio Centro
Esta ubicada sobre Caseros 344 en el 5to piso , entre cañada y Belgrano. Lo
cual hace que sea un punto estratégico en el centro de Córdoba.

Cuenta con :
- Sala de espera.
- Oficina.
- 2 Baños en el piso .

- Seguridad 24 horas
15.200 USD
superficie total: 27 m²
superficie cubierta: 27 m²
baños: 1

apto profesional: Sí
expensas: ARS 4.000
2022-03-02 13:42:56.752 INFO [TestNG-tests-1] [com.remaxar.RemaxSearchDataTest.test_2_FiltrosRecoleccion(RemaxSearchDataTest.java:128)] - #############################################################################
RREMAX VENDE OFICINA CENTRICA
REMAX VENDE OFICINA UBICADA EN EDIFICIO GUEMES, 1 PISO, CUENTA CON TODOS LOS SERVICIOS, ASCENSOR, UBICADA A UNA CUADRA DE AV MAIPÚ , MUY BUENA ILUMINACIÓN
16.500 USD
superficie total: 21 m²
superficie cubierta: 21 m²

pisos de la propiedad: 5
apto profesional: Sí
expensas: ARS 7.000
2022-03-02 13:43:34.027 INFO [TestNG-tests-1] [com.remaxar.RemaxSearchDataTest.Test_1_BusdquedaPortada(RemaxSearchDataTest.java:52)] - ingresando a remax.com
2022-03-02 13:43:48.329 INFO [TestNG-tests-1] [com.remaxar.RemaxSearchDataTest.test_2_FiltrosRecoleccion(RemaxSearchDataTest.java:71)] - ingresando filtro: cambiando alquiler por venta
2022-03-02 13:43:57.672 INFO [TestNG-tests-1] [com.remaxar.RemaxSearchDataTest.test_2_FiltrosRecoleccion(RemaxSearchDataTest.java:78)] - ingresando filtro: monto( U$D5000 U$D30000)
2022-03-02 13:44:06.500 INFO [TestNG-tests-1] [com.remaxar.RemaxSearchDataTest.test_2_FiltrosRecoleccion(RemaxSearchDataTest.java:88)] - ingresando los 3 primeros link y recolectando sus datos
2022-03-02 13:44:18.929 INFO [TestNG-tests-1] [com.remaxar.RemaxSearchDataTest.test_2_FiltrosRecoleccion(RemaxSearchDataTest.java:125)] - recolectando datos de los 3 primeros links para archivo .txt
2022-03-02 13:44:18.931 INFO [TestNG-tests-1] [com.remaxar.RemaxSearchDataTest.test_2_FiltrosRecoleccion(RemaxSearchDataTest.java:128)] - #############################################################################
REMAX VENDE OFICINA CENTRICA
REMAX VENDE OFICINA 3, EN EDIFICIO GUEMES, UBICADA EN PRIMER PISO, MUY LUMINOSA, EL EDIFICIO CUENTA CON ASCENSOR Y UN BAÑO POR PISO, A POCAS CUADRAS DE LA TERMINAL DE OMNIBUS Y A UNA CUADRA DE AV. MAIPU
16.500 USD
superficie total: 21 m²
superficie cubierta: 21 m²

pisos de la propiedad: 5
apto profesional: Sí
expensas: ARS 7.000
2022-03-02 13:44:18.932 INFO [TestNG-tests-1] [com.remaxar.RemaxSearchDataTest.test_2_FiltrosRecoleccion(RemaxSearchDataTest.java:128)] - #############################################################################
Se vende Oficina Barrio Centro
Se vende Oficina Barrio Centro
Esta ubicada sobre Caseros 344 en el 5to piso , entre cañada y Belgrano. Lo
cual hace que sea un punto estratégico en el centro de Córdoba.

Cuenta con :
- Sala de espera.
- Oficina.
- 2 Baños en el piso .

- Seguridad 24 horas
15.200 USD
superficie total: 27 m²
superficie cubierta: 27 m²
baños: 1

apto profesional: Sí
expensas: ARS 4.000
2022-03-02 13:44:18.989 INFO [TestNG-tests-1] [com.remaxar.RemaxSearchDataTest.test_2_FiltrosRecoleccion(RemaxSearchDataTest.java:128)] - #############################################################################
RREMAX VENDE OFICINA CENTRICA
REMAX VENDE OFICINA UBICADA EN EDIFICIO GUEMES, 1 PISO, CUENTA CON TODOS LOS SERVICIOS, ASCENSOR, UBICADA A UNA CUADRA DE AV MAIPÚ , MUY BUENA ILUMINACIÓN
16.500 USD
superficie total: 21 m²
superficie cubierta: 21 m²

pisos de la propiedad: 5
apto profesional: Sí
expensas: ARS 7.000
